<?xml version="1.0" encoding="UTF-8"?>
<!-- Generated by org.testng.reporters.JUnitXMLReporter -->
<testsuite hostname="Surya" ignored="0" name="Buttons Test" tests="3" failures="0" timestamp="23 Oct 2020 07:32:11 GMT" time="25.778" errors="0">
  <testcase name="m1" time="9.367" classname="testcases.TestingParallel"/>
  <testcase name="m2" time="14.728" classname="testcases.TestingParallel"/>
  <testcase name="m3" time="21.113" classname="testcases.TestingParallel"/>
</testsuite> <!-- Buttons Test -->
