<?xml version="1.0" encoding="UTF-8"?>
<testsuite name="TestSuite" time="3.772" tests="19" errors="0" skipped="0" failures="0">
  <properties>
[...]
</properties>
  <testcase name="testing_userName_shadow_enteringText" classname="testcases.TC1_TextBox_Page" time="0.148"/>
  <testcase name="testing_userEmail_shadow_entering_Valid_Text" classname="testcases.TC1_TextBox_Page" time="0.16"/>
  <testcase name="testing_currentAddress_shadow_enteringText" classname="testcases.TC1_TextBox_Page" time="0.149"/>
  <testcase name="testing_permanenAddress_shadow_enteringText" classname="testcases.TC1_TextBox_Page" time="0.111"/>
  <testcase name="testing_submit_button_with_ValidData" classname="testcases.TC1_TextBox_Page" time="1.004"/>
  <testcase name="testing_form_by_entering_Invalid_Email" classname="testcases.TC1_TextBox_Page" time="1.107"/>
  <testcase name="testing_Unexanded_Expansion" classname="testcases.TC2_CheckBox_Page" time="0.027"/>
  <testcase name="testing_ExpandAll_Button" classname="testcases.TC2_CheckBox_Page" time="0.111"/>
  <testcase name="testing_CollapseAll_Button" classname="testcases.TC2_CheckBox_Page" time="0.076"/>
  <testcase name="testing_desktop_checkBox_text_by_Checking" classname="testcases.TC2_CheckBox_Page" time="0.163"/>
  <testcase name="testing_desktop_checkBox_text_by_UnChecking" classname="testcases.TC2_CheckBox_Page" time="0.058"/>
  <testcase name="testing_documents_checkBox_text_by_Checking" classname="testcases.TC2_CheckBox_Page" time="0.235"/>
  <testcase name="testing_documents_checkBox_text_by_UnChecking" classname="testcases.TC2_CheckBox_Page" time="0.059"/>
  <testcase name="testing_downloads_checkBox_text_by_Checking" classname="testcases.TC2_CheckBox_Page" time="0.145"/>
  <testcase name="testing_downloads_checkBox_text_by_UnChecking" classname="testcases.TC2_CheckBox_Page" time="0.061"/>
  <testcase name="testingHeader_radiobutton_text" classname="testcases.TC3_RadioButton_Page" time="0.028"/>
  <testcase name="testing_Impressive_radio_button" classname="testcases.TC3_RadioButton_Page" time="0.048"/>
  <testcase name="testing_No_radio_button" classname="testcases.TC3_RadioButton_Page" time="0.036"/>
  <testcase name="testing_Yes_radio_button" classname="testcases.TC3_RadioButton_Page" time="0.046"/>
</testsuite>