<?xml version="1.0" encoding="UTF-8"?>
<!-- Generated by org.testng.reporters.JUnitXMLReporter -->
<testsuite hostname="Surya" ignored="0" name="Alerts Page Test" tests="4" failures="0" timestamp="04 Nov 2020 07:07:14 GMT" time="10.288" errors="0">
  <testcase name="testing_alert_button" time="0.11" classname="testcases.TC22_Alerts_Page"/>
  <testcase name="testing_timed_alert_button" time="5.179" classname="testcases.TC22_Alerts_Page"/>
  <testcase name="testing_confirm_button" time="0.217" classname="testcases.TC22_Alerts_Page"/>
  <testcase name="testing_prompt_button" time="0.188" classname="testcases.TC22_Alerts_Page"/>
</testsuite> <!-- Alerts Page Test -->
