<?xml version="1.0" encoding="UTF-8"?>
<!-- Generated by org.testng.reporters.JUnitXMLReporter -->
<testsuite hostname="Surya" ignored="0" name="Check Box Test" tests="9" failures="0" timestamp="23 Oct 2020 04:47:01 GMT" time="5.04" errors="0">
  <testcase name="testing_Unexanded_Expansion" time="0.028" classname="testcases.TC2_CheckBox_Page"/>
  <testcase name="testing_ExpandAll_Button" time="0.112" classname="testcases.TC2_CheckBox_Page"/>
  <testcase name="testing_CollapseAll_Button" time="0.076" classname="testcases.TC2_CheckBox_Page"/>
  <testcase name="testing_desktop_checkBox_text_by_Checking" time="0.162" classname="testcases.TC2_CheckBox_Page"/>
  <testcase name="testing_desktop_checkBox_text_by_UnChecking" time="0.058" classname="testcases.TC2_CheckBox_Page"/>
  <testcase name="testing_documents_checkBox_text_by_Checking" time="0.236" classname="testcases.TC2_CheckBox_Page"/>
  <testcase name="testing_documents_checkBox_text_by_UnChecking" time="0.06" classname="testcases.TC2_CheckBox_Page"/>
  <testcase name="testing_downloads_checkBox_text_by_Checking" time="0.146" classname="testcases.TC2_CheckBox_Page"/>
  <testcase name="testing_downloads_checkBox_text_by_UnChecking" time="0.06" classname="testcases.TC2_CheckBox_Page"/>
</testsuite> <!-- Check Box Test -->
