<?xml version="1.0" encoding="UTF-8"?>
<!-- Generated by org.testng.reporters.JUnitXMLReporter -->
<testsuite hostname="Surya" ignored="0" name="Radio Button Test" tests="4" failures="0" timestamp="04 Nov 2020 07:06:55 GMT" time="4.877" errors="0">
  <testcase name="testing_status_of_radiobuttons" time="0.146" classname="testcases.TC3_RadioButton_Page"/>
  <testcase name="testing_Yes_radio_button" time="0.118" classname="testcases.TC3_RadioButton_Page"/>
  <testcase name="testing_Impressive_radio_button" time="0.098" classname="testcases.TC3_RadioButton_Page"/>
  <testcase name="testing_No_radio_button" time="0.125" classname="testcases.TC3_RadioButton_Page"/>
</testsuite> <!-- Radio Button Test -->
