<?xml version="1.0" encoding="UTF-8"?>
<!-- Generated by org.testng.reporters.JUnitXMLReporter -->
<testsuite hostname="Surya" ignored="0" name="Text Box Test" tests="6" failures="0" timestamp="23 Oct 2020 04:46:56 GMT" time="7.402" errors="0">
  <testcase name="testing_userName_shadow_enteringText" time="0.147" classname="testcases.TC1_TextBox_Page"/>
  <testcase name="testing_userEmail_shadow_entering_Valid_Text" time="0.159" classname="testcases.TC1_TextBox_Page"/>
  <testcase name="testing_currentAddress_shadow_enteringText" time="0.148" classname="testcases.TC1_TextBox_Page"/>
  <testcase name="testing_permanenAddress_shadow_enteringText" time="0.11" classname="testcases.TC1_TextBox_Page"/>
  <testcase name="testing_submit_button_with_ValidData" time="1.005" classname="testcases.TC1_TextBox_Page"/>
  <testcase name="testing_form_by_entering_Invalid_Email" time="1.106" classname="testcases.TC1_TextBox_Page"/>
</testsuite> <!-- Text Box Test -->
