<?xml version="1.0" encoding="UTF-8"?>
<testng-results skipped="0" failed="1" ignored="0" total="29" passed="28">
  <reporter-output>
    <line>
      <![CDATA[Evidance of the Test]]>
    </line>
    <line>
      <![CDATA[<hr>]]>
    </line>
    <line>
      <![CDATA[<a href='G:\practiseSelenium\maven2\test-output\screenshots\Pass Evidance of the method - TESTING_USERNAME_SHADOW_ENTERINGTEXT at Wed_Nov_04_12_33_01_IST_2020.jpeg'> <img src='G:\practiseSelenium\maven2\test-output\screenshots\Pass Evidance of the method - TESTING_USERNAME_SHADOW_ENTERINGTEXT at Wed_Nov_04_12_33_01_IST_2020.jpeg' height='200' width='400'/> </a>]]>
    </line>
    <line>
      <![CDATA[Evidance of the Test]]>
    </line>
    <line>
      <![CDATA[<hr>]]>
    </line>
    <line>
      <![CDATA[<a href='G:\practiseSelenium\maven2\test-output\screenshots\Pass Evidance of the method - TESTING_USEREMAIL_SHADOW_ENTERING_VALID_TEXT at Wed_Nov_04_12_33_01_IST_2020.jpeg'> <img src='G:\practiseSelenium\maven2\test-output\screenshots\Pass Evidance of the method - TESTING_USEREMAIL_SHADOW_ENTERING_VALID_TEXT at Wed_Nov_04_12_33_01_IST_2020.jpeg' height='200' width='400'/> </a>]]>
    </line>
    <line>
      <![CDATA[Evidance of the Test]]>
    </line>
    <line>
      <![CDATA[<hr>]]>
    </line>
    <line>
      <![CDATA[<a href='G:\practiseSelenium\maven2\test-output\screenshots\Pass Evidance of the method - TESTING_CURRENTADDRESS_SHADOW_ENTERINGTEXT at Wed_Nov_04_12_33_01_IST_2020.jpeg'> <img src='G:\practiseSelenium\maven2\test-output\screenshots\Pass Evidance of the method - TESTING_CURRENTADDRESS_SHADOW_ENTERINGTEXT at Wed_Nov_04_12_33_01_IST_2020.jpeg' height='200' width='400'/> </a>]]>
    </line>
    <line>
      <![CDATA[Evidance of the Test]]>
    </line>
    <line>
      <![CDATA[<hr>]]>
    </line>
    <line>
      <![CDATA[<a href='G:\practiseSelenium\maven2\test-output\screenshots\Pass Evidance of the method - TESTING_PERMANENADDRESS_SHADOW_ENTERINGTEXT at Wed_Nov_04_12_33_01_IST_2020.jpeg'> <img src='G:\practiseSelenium\maven2\test-output\screenshots\Pass Evidance of the method - TESTING_PERMANENADDRESS_SHADOW_ENTERINGTEXT at Wed_Nov_04_12_33_01_IST_2020.jpeg' height='200' width='400'/> </a>]]>
    </line>
    <line>
      <![CDATA[Evidance of the Test]]>
    </line>
    <line>
      <![CDATA[<hr>]]>
    </line>
    <line>
      <![CDATA[<a href='G:\practiseSelenium\maven2\test-output\screenshots\Pass Evidance of the method - TESTING_SUBMIT_BUTTON_WITH_VALIDDATA at Wed_Nov_04_12_33_01_IST_2020.jpeg'> <img src='G:\practiseSelenium\maven2\test-output\screenshots\Pass Evidance of the method - TESTING_SUBMIT_BUTTON_WITH_VALIDDATA at Wed_Nov_04_12_33_01_IST_2020.jpeg' height='200' width='400'/> </a>]]>
    </line>
    <line>
      <![CDATA[Evidance of the Test]]>
    </line>
    <line>
      <![CDATA[<hr>]]>
    </line>
    <line>
      <![CDATA[<a href='G:\practiseSelenium\maven2\test-output\screenshots\Pass Evidance of the method - TESTING_FORM_BY_ENTERING_INVALID_EMAIL at Wed_Nov_04_12_33_01_IST_2020.jpeg'> <img src='G:\practiseSelenium\maven2\test-output\screenshots\Pass Evidance of the method - TESTING_FORM_BY_ENTERING_INVALID_EMAIL at Wed_Nov_04_12_33_01_IST_2020.jpeg' height='200' width='400'/> </a>]]>
    </line>
    <line>
      <![CDATA[Evidance of the Test]]>
    </line>
    <line>
      <![CDATA[<hr>]]>
    </line>
    <line>
      <![CDATA[<a href='G:\practiseSelenium\maven2\test-output\screenshots\Pass Evidance of the method - TESTING_UNEXPANDED_EXPANSION at Wed_Nov_04_12_33_01_IST_2020.jpeg'> <img src='G:\practiseSelenium\maven2\test-output\screenshots\Pass Evidance of the method - TESTING_UNEXPANDED_EXPANSION at Wed_Nov_04_12_33_01_IST_2020.jpeg' height='200' width='400'/> </a>]]>
    </line>
    <line>
      <![CDATA[Evidance of the Test]]>
    </line>
    <line>
      <![CDATA[<hr>]]>
    </line>
    <line>
      <![CDATA[<a href='G:\practiseSelenium\maven2\test-output\screenshots\Pass Evidance of the method - TESTING_EXPANDALL_BUTTON at Wed_Nov_04_12_33_01_IST_2020.jpeg'> <img src='G:\practiseSelenium\maven2\test-output\screenshots\Pass Evidance of the method - TESTING_EXPANDALL_BUTTON at Wed_Nov_04_12_33_01_IST_2020.jpeg' height='200' width='400'/> </a>]]>
    </line>
    <line>
      <![CDATA[Evidance of the Test]]>
    </line>
    <line>
      <![CDATA[<hr>]]>
    </line>
    <line>
      <![CDATA[<a href='G:\practiseSelenium\maven2\test-output\screenshots\Pass Evidance of the method - TESTING_COLLAPSEALL_BUTTON at Wed_Nov_04_12_33_01_IST_2020.jpeg'> <img src='G:\practiseSelenium\maven2\test-output\screenshots\Pass Evidance of the method - TESTING_COLLAPSEALL_BUTTON at Wed_Nov_04_12_33_01_IST_2020.jpeg' height='200' width='400'/> </a>]]>
    </line>
    <line>
      <![CDATA[Evidance of the Test]]>
    </line>
    <line>
      <![CDATA[<hr>]]>
    </line>
    <line>
      <![CDATA[<a href='G:\practiseSelenium\maven2\test-output\screenshots\Pass Evidance of the method - TESTING_DESKTOP_CHECKBOX_TEXT_BY_CHECKING at Wed_Nov_04_12_33_01_IST_2020.jpeg'> <img src='G:\practiseSelenium\maven2\test-output\screenshots\Pass Evidance of the method - TESTING_DESKTOP_CHECKBOX_TEXT_BY_CHECKING at Wed_Nov_04_12_33_01_IST_2020.jpeg' height='200' width='400'/> </a>]]>
    </line>
    <line>
      <![CDATA[Evidance of the Test]]>
    </line>
    <line>
      <![CDATA[<hr>]]>
    </line>
    <line>
      <![CDATA[<a href='G:\practiseSelenium\maven2\test-output\screenshots\Pass Evidance of the method - TESTING_DESKTOP_CHECKBOX_TEXT_BY_UNCHECKING at Wed_Nov_04_12_33_01_IST_2020.jpeg'> <img src='G:\practiseSelenium\maven2\test-output\screenshots\Pass Evidance of the method - TESTING_DESKTOP_CHECKBOX_TEXT_BY_UNCHECKING at Wed_Nov_04_12_33_01_IST_2020.jpeg' height='200' width='400'/> </a>]]>
    </line>
    <line>
      <![CDATA[Evidance of the Test]]>
    </line>
    <line>
      <![CDATA[<hr>]]>
    </line>
    <line>
      <![CDATA[<a href='G:\practiseSelenium\maven2\test-output\screenshots\Pass Evidance of the method - TESTING_DOCUMENTS_CHECKBOX_TEXT_BY_CHECKING at Wed_Nov_04_12_33_01_IST_2020.jpeg'> <img src='G:\practiseSelenium\maven2\test-output\screenshots\Pass Evidance of the method - TESTING_DOCUMENTS_CHECKBOX_TEXT_BY_CHECKING at Wed_Nov_04_12_33_01_IST_2020.jpeg' height='200' width='400'/> </a>]]>
    </line>
    <line>
      <![CDATA[Evidance of the Test]]>
    </line>
    <line>
      <![CDATA[<hr>]]>
    </line>
    <line>
      <![CDATA[<a href='G:\practiseSelenium\maven2\test-output\screenshots\Pass Evidance of the method - TESTING_DOCUMENTS_CHECKBOX_TEXT_BY_UNCHECKING at Wed_Nov_04_12_33_01_IST_2020.jpeg'> <img src='G:\practiseSelenium\maven2\test-output\screenshots\Pass Evidance of the method - TESTING_DOCUMENTS_CHECKBOX_TEXT_BY_UNCHECKING at Wed_Nov_04_12_33_01_IST_2020.jpeg' height='200' width='400'/> </a>]]>
    </line>
    <line>
      <![CDATA[Evidance of the Test]]>
    </line>
    <line>
      <![CDATA[<hr>]]>
    </line>
    <line>
      <![CDATA[<a href='G:\practiseSelenium\maven2\test-output\screenshots\Pass Evidance of the method - TESTING_DOWNLOADS_CHECKBOX_TEXT_BY_CHECKING at Wed_Nov_04_12_33_01_IST_2020.jpeg'> <img src='G:\practiseSelenium\maven2\test-output\screenshots\Pass Evidance of the method - TESTING_DOWNLOADS_CHECKBOX_TEXT_BY_CHECKING at Wed_Nov_04_12_33_01_IST_2020.jpeg' height='200' width='400'/> </a>]]>
    </line>
    <line>
      <![CDATA[Evidance of the Test]]>
    </line>
    <line>
      <![CDATA[<hr>]]>
    </line>
    <line>
      <![CDATA[<a href='G:\practiseSelenium\maven2\test-output\screenshots\Pass Evidance of the method - TESTING_DOWNLOADS_CHECKBOX_TEXT_BY_UNCHECKING at Wed_Nov_04_12_33_01_IST_2020.jpeg'> <img src='G:\practiseSelenium\maven2\test-output\screenshots\Pass Evidance of the method - TESTING_DOWNLOADS_CHECKBOX_TEXT_BY_UNCHECKING at Wed_Nov_04_12_33_01_IST_2020.jpeg' height='200' width='400'/> </a>]]>
    </line>
    <line>
      <![CDATA[Evidance of the Test]]>
    </line>
    <line>
      <![CDATA[<hr>]]>
    </line>
    <line>
      <![CDATA[<a href='G:\practiseSelenium\maven2\test-output\screenshots\Pass Evidance of the method - TESTING_STATUS_OF_RADIOBUTTONS at Wed_Nov_04_12_33_01_IST_2020.jpeg'> <img src='G:\practiseSelenium\maven2\test-output\screenshots\Pass Evidance of the method - TESTING_STATUS_OF_RADIOBUTTONS at Wed_Nov_04_12_33_01_IST_2020.jpeg' height='200' width='400'/> </a>]]>
    </line>
    <line>
      <![CDATA[Evidance of the Test]]>
    </line>
    <line>
      <![CDATA[<hr>]]>
    </line>
    <line>
      <![CDATA[<a href='G:\practiseSelenium\maven2\test-output\screenshots\Pass Evidance of the method - TESTING_YES_RADIO_BUTTON at Wed_Nov_04_12_33_01_IST_2020.jpeg'> <img src='G:\practiseSelenium\maven2\test-output\screenshots\Pass Evidance of the method - TESTING_YES_RADIO_BUTTON at Wed_Nov_04_12_33_01_IST_2020.jpeg' height='200' width='400'/> </a>]]>
    </line>
    <line>
      <![CDATA[Evidance of the Test]]>
    </line>
    <line>
      <![CDATA[<hr>]]>
    </line>
    <line>
      <![CDATA[<a href='G:\practiseSelenium\maven2\test-output\screenshots\Pass Evidance of the method - TESTING_IMPRESSIVE_RADIO_BUTTON at Wed_Nov_04_12_33_01_IST_2020.jpeg'> <img src='G:\practiseSelenium\maven2\test-output\screenshots\Pass Evidance of the method - TESTING_IMPRESSIVE_RADIO_BUTTON at Wed_Nov_04_12_33_01_IST_2020.jpeg' height='200' width='400'/> </a>]]>
    </line>
    <line>
      <![CDATA[Evidance of the Test]]>
    </line>
    <line>
      <![CDATA[<hr>]]>
    </line>
    <line>
      <![CDATA[<a href='G:\practiseSelenium\maven2\test-output\screenshots\Pass Evidance of the method - TESTING_NO_RADIO_BUTTON at Wed_Nov_04_12_33_01_IST_2020.jpeg'> <img src='G:\practiseSelenium\maven2\test-output\screenshots\Pass Evidance of the method - TESTING_NO_RADIO_BUTTON at Wed_Nov_04_12_33_01_IST_2020.jpeg' height='200' width='400'/> </a>]]>
    </line>
    <line>
      <![CDATA[Evidance of the Test]]>
    </line>
    <line>
      <![CDATA[<hr>]]>
    </line>
    <line>
      <![CDATA[<a href='G:\practiseSelenium\maven2\test-output\screenshots\Pass Evidance of the method - TESTING_LEFT_CLICK_BUTTON at Wed_Nov_04_12_33_01_IST_2020.jpeg'> <img src='G:\practiseSelenium\maven2\test-output\screenshots\Pass Evidance of the method - TESTING_LEFT_CLICK_BUTTON at Wed_Nov_04_12_33_01_IST_2020.jpeg' height='200' width='400'/> </a>]]>
    </line>
    <line>
      <![CDATA[Evidance of the Test]]>
    </line>
    <line>
      <![CDATA[<hr>]]>
    </line>
    <line>
      <![CDATA[<a href='G:\practiseSelenium\maven2\test-output\screenshots\Pass Evidance of the method - TESTING_RIGHT_CLICK_BUTTON at Wed_Nov_04_12_33_01_IST_2020.jpeg'> <img src='G:\practiseSelenium\maven2\test-output\screenshots\Pass Evidance of the method - TESTING_RIGHT_CLICK_BUTTON at Wed_Nov_04_12_33_01_IST_2020.jpeg' height='200' width='400'/> </a>]]>
    </line>
    <line>
      <![CDATA[Evidance of the Test]]>
    </line>
    <line>
      <![CDATA[<hr>]]>
    </line>
    <line>
      <![CDATA[<a href='G:\practiseSelenium\maven2\test-output\screenshots\Pass Evidance of the method - TESTING_DOUBLE_CLICK_BUTTON at Wed_Nov_04_12_33_01_IST_2020.jpeg'> <img src='G:\practiseSelenium\maven2\test-output\screenshots\Pass Evidance of the method - TESTING_DOUBLE_CLICK_BUTTON at Wed_Nov_04_12_33_01_IST_2020.jpeg' height='200' width='400'/> </a>]]>
    </line>
    <line>
      <![CDATA[Evidance of the Test]]>
    </line>
    <line>
      <![CDATA[<hr>]]>
    </line>
    <line>
      <![CDATA[<a href='G:\practiseSelenium\maven2\test-output\screenshots\Pass Evidance of the method - TESTING_NEW_TAB_BUTTON at Wed_Nov_04_12_33_01_IST_2020.jpeg'> <img src='G:\practiseSelenium\maven2\test-output\screenshots\Pass Evidance of the method - TESTING_NEW_TAB_BUTTON at Wed_Nov_04_12_33_01_IST_2020.jpeg' height='200' width='400'/> </a>]]>
    </line>
    <line>
      <![CDATA[Evidance of the Test]]>
    </line>
    <line>
      <![CDATA[<hr>]]>
    </line>
    <line>
      <![CDATA[<a href='G:\practiseSelenium\maven2\test-output\screenshots\Pass Evidance of the method - TESTING_NEW_WINDOW_BUTTON at Wed_Nov_04_12_33_01_IST_2020.jpeg'> <img src='G:\practiseSelenium\maven2\test-output\screenshots\Pass Evidance of the method - TESTING_NEW_WINDOW_BUTTON at Wed_Nov_04_12_33_01_IST_2020.jpeg' height='200' width='400'/> </a>]]>
    </line>
    <line>
      <![CDATA[Evidance of the Test]]>
    </line>
    <line>
      <![CDATA[<hr>]]>
    </line>
    <line>
      <![CDATA[<a href='G:\practiseSelenium\maven2\test-output\screenshots\Fail Evidance of the method - TESTING_NEW_WINDOW_WITH_MESSAGE_BUTTON at Wed_Nov_04_12_33_01_IST_2020.jpeg'> <img src='G:\practiseSelenium\maven2\test-output\screenshots\Fail Evidance of the method - TESTING_NEW_WINDOW_WITH_MESSAGE_BUTTON at Wed_Nov_04_12_33_01_IST_2020.jpeg' height='200' width='400'/> </a>]]>
    </line>
    <line>
      <![CDATA[Evidance of the Test]]>
    </line>
    <line>
      <![CDATA[<hr>]]>
    </line>
    <line>
      <![CDATA[<a href='G:\practiseSelenium\maven2\test-output\screenshots\Pass Evidance of the method - TESTING_ALERT_BUTTON at Wed_Nov_04_12_33_01_IST_2020.jpeg'> <img src='G:\practiseSelenium\maven2\test-output\screenshots\Pass Evidance of the method - TESTING_ALERT_BUTTON at Wed_Nov_04_12_33_01_IST_2020.jpeg' height='200' width='400'/> </a>]]>
    </line>
    <line>
      <![CDATA[Evidance of the Test]]>
    </line>
    <line>
      <![CDATA[<hr>]]>
    </line>
    <line>
      <![CDATA[<a href='G:\practiseSelenium\maven2\test-output\screenshots\Pass Evidance of the method - TESTING_TIMED_ALERT_BUTTON at Wed_Nov_04_12_33_01_IST_2020.jpeg'> <img src='G:\practiseSelenium\maven2\test-output\screenshots\Pass Evidance of the method - TESTING_TIMED_ALERT_BUTTON at Wed_Nov_04_12_33_01_IST_2020.jpeg' height='200' width='400'/> </a>]]>
    </line>
    <line>
      <![CDATA[Evidance of the Test]]>
    </line>
    <line>
      <![CDATA[<hr>]]>
    </line>
    <line>
      <![CDATA[<a href='G:\practiseSelenium\maven2\test-output\screenshots\Pass Evidance of the method - TESTING_CONFIRM_BUTTON at Wed_Nov_04_12_33_01_IST_2020.jpeg'> <img src='G:\practiseSelenium\maven2\test-output\screenshots\Pass Evidance of the method - TESTING_CONFIRM_BUTTON at Wed_Nov_04_12_33_01_IST_2020.jpeg' height='200' width='400'/> </a>]]>
    </line>
    <line>
      <![CDATA[Evidance of the Test]]>
    </line>
    <line>
      <![CDATA[<hr>]]>
    </line>
    <line>
      <![CDATA[<a href='G:\practiseSelenium\maven2\test-output\screenshots\Pass Evidance of the method - TESTING_PROMPT_BUTTON at Wed_Nov_04_12_33_01_IST_2020.jpeg'> <img src='G:\practiseSelenium\maven2\test-output\screenshots\Pass Evidance of the method - TESTING_PROMPT_BUTTON at Wed_Nov_04_12_33_01_IST_2020.jpeg' height='200' width='400'/> </a>]]>
    </line>
  </reporter-output>
  <suite name="Testing ToolsQA Suite" duration-ms="55861" started-at="2020-11-04T07:03:07Z" finished-at="2020-11-04T07:04:03Z">
    <groups>
    </groups>
    <test name="Text Box Test" duration-ms="28926" started-at="2020-11-04T07:03:07Z" finished-at="2020-11-04T07:03:36Z">
      <class name="testcases.TC1_TextBox_Page">
        <test-method status="PASS" signature="opening_TextBox_Page()[pri:0, instance:testcases.TC1_TextBox_Page@1e127982]" name="opening_TextBox_Page" is-config="true" duration-ms="23522" started-at="2020-11-04T07:03:07Z" finished-at="2020-11-04T07:03:31Z">
          <reporter-output>
          </reporter-output>
        </test-method> <!-- opening_TextBox_Page -->
        <test-method status="PASS" signature="testing_userName_shadow_enteringText()[pri:1, instance:testcases.TC1_TextBox_Page@1e127982]" name="testing_userName_shadow_enteringText" duration-ms="168" started-at="2020-11-04T07:03:31Z" finished-at="2020-11-04T07:03:31Z">
          <reporter-output>
            <line>
              <![CDATA[Evidance of the Test]]>
            </line>
            <line>
              <![CDATA[<hr>]]>
            </line>
            <line>
              <![CDATA[<a href='G:\practiseSelenium\maven2\test-output\screenshots\Pass Evidance of the method - TESTING_USERNAME_SHADOW_ENTERINGTEXT at Wed_Nov_04_12_33_01_IST_2020.jpeg'> <img src='G:\practiseSelenium\maven2\test-output\screenshots\Pass Evidance of the method - TESTING_USERNAME_SHADOW_ENTERINGTEXT at Wed_Nov_04_12_33_01_IST_2020.jpeg' height='200' width='400'/> </a>]]>
            </line>
          </reporter-output>
        </test-method> <!-- testing_userName_shadow_enteringText -->
        <test-method status="PASS" signature="testing_userEmail_shadow_entering_Valid_Text()[pri:2, instance:testcases.TC1_TextBox_Page@1e127982]" name="testing_userEmail_shadow_entering_Valid_Text" duration-ms="187" started-at="2020-11-04T07:03:31Z" finished-at="2020-11-04T07:03:31Z">
          <reporter-output>
            <line>
              <![CDATA[Evidance of the Test]]>
            </line>
            <line>
              <![CDATA[<hr>]]>
            </line>
            <line>
              <![CDATA[<a href='G:\practiseSelenium\maven2\test-output\screenshots\Pass Evidance of the method - TESTING_USEREMAIL_SHADOW_ENTERING_VALID_TEXT at Wed_Nov_04_12_33_01_IST_2020.jpeg'> <img src='G:\practiseSelenium\maven2\test-output\screenshots\Pass Evidance of the method - TESTING_USEREMAIL_SHADOW_ENTERING_VALID_TEXT at Wed_Nov_04_12_33_01_IST_2020.jpeg' height='200' width='400'/> </a>]]>
            </line>
          </reporter-output>
        </test-method> <!-- testing_userEmail_shadow_entering_Valid_Text -->
        <test-method status="PASS" signature="testing_currentAddress_shadow_enteringText()[pri:3, instance:testcases.TC1_TextBox_Page@1e127982]" name="testing_currentAddress_shadow_enteringText" duration-ms="164" started-at="2020-11-04T07:03:32Z" finished-at="2020-11-04T07:03:32Z">
          <reporter-output>
            <line>
              <![CDATA[Evidance of the Test]]>
            </line>
            <line>
              <![CDATA[<hr>]]>
            </line>
            <line>
              <![CDATA[<a href='G:\practiseSelenium\maven2\test-output\screenshots\Pass Evidance of the method - TESTING_CURRENTADDRESS_SHADOW_ENTERINGTEXT at Wed_Nov_04_12_33_01_IST_2020.jpeg'> <img src='G:\practiseSelenium\maven2\test-output\screenshots\Pass Evidance of the method - TESTING_CURRENTADDRESS_SHADOW_ENTERINGTEXT at Wed_Nov_04_12_33_01_IST_2020.jpeg' height='200' width='400'/> </a>]]>
            </line>
          </reporter-output>
        </test-method> <!-- testing_currentAddress_shadow_enteringText -->
        <test-method status="PASS" signature="testing_permanenAddress_shadow_enteringText()[pri:4, instance:testcases.TC1_TextBox_Page@1e127982]" name="testing_permanenAddress_shadow_enteringText" duration-ms="143" started-at="2020-11-04T07:03:32Z" finished-at="2020-11-04T07:03:32Z">
          <reporter-output>
            <line>
              <![CDATA[Evidance of the Test]]>
            </line>
            <line>
              <![CDATA[<hr>]]>
            </line>
            <line>
              <![CDATA[<a href='G:\practiseSelenium\maven2\test-output\screenshots\Pass Evidance of the method - TESTING_PERMANENADDRESS_SHADOW_ENTERINGTEXT at Wed_Nov_04_12_33_01_IST_2020.jpeg'> <img src='G:\practiseSelenium\maven2\test-output\screenshots\Pass Evidance of the method - TESTING_PERMANENADDRESS_SHADOW_ENTERINGTEXT at Wed_Nov_04_12_33_01_IST_2020.jpeg' height='200' width='400'/> </a>]]>
            </line>
          </reporter-output>
        </test-method> <!-- testing_permanenAddress_shadow_enteringText -->
        <test-method status="PASS" signature="testing_submit_button_with_ValidData()[pri:5, instance:testcases.TC1_TextBox_Page@1e127982]" name="testing_submit_button_with_ValidData" duration-ms="1138" started-at="2020-11-04T07:03:33Z" finished-at="2020-11-04T07:03:34Z">
          <reporter-output>
            <line>
              <![CDATA[Evidance of the Test]]>
            </line>
            <line>
              <![CDATA[<hr>]]>
            </line>
            <line>
              <![CDATA[<a href='G:\practiseSelenium\maven2\test-output\screenshots\Pass Evidance of the method - TESTING_SUBMIT_BUTTON_WITH_VALIDDATA at Wed_Nov_04_12_33_01_IST_2020.jpeg'> <img src='G:\practiseSelenium\maven2\test-output\screenshots\Pass Evidance of the method - TESTING_SUBMIT_BUTTON_WITH_VALIDDATA at Wed_Nov_04_12_33_01_IST_2020.jpeg' height='200' width='400'/> </a>]]>
            </line>
          </reporter-output>
        </test-method> <!-- testing_submit_button_with_ValidData -->
        <test-method status="PASS" signature="testing_form_by_entering_Invalid_Email()[pri:6, instance:testcases.TC1_TextBox_Page@1e127982]" name="testing_form_by_entering_Invalid_Email" duration-ms="1208" started-at="2020-11-04T07:03:34Z" finished-at="2020-11-04T07:03:36Z">
          <reporter-output>
            <line>
              <![CDATA[Evidance of the Test]]>
            </line>
            <line>
              <![CDATA[<hr>]]>
            </line>
            <line>
              <![CDATA[<a href='G:\practiseSelenium\maven2\test-output\screenshots\Pass Evidance of the method - TESTING_FORM_BY_ENTERING_INVALID_EMAIL at Wed_Nov_04_12_33_01_IST_2020.jpeg'> <img src='G:\practiseSelenium\maven2\test-output\screenshots\Pass Evidance of the method - TESTING_FORM_BY_ENTERING_INVALID_EMAIL at Wed_Nov_04_12_33_01_IST_2020.jpeg' height='200' width='400'/> </a>]]>
            </line>
          </reporter-output>
        </test-method> <!-- testing_form_by_entering_Invalid_Email -->
      </class> <!-- testcases.TC1_TextBox_Page -->
    </test> <!-- Text Box Test -->
    <test name="Check Box Test" duration-ms="5213" started-at="2020-11-04T07:03:36Z" finished-at="2020-11-04T07:03:41Z">
      <class name="testcases.TC2_CheckBox_Page">
        <test-method status="PASS" signature="opening_CheckBox_Page()[pri:0, instance:testcases.TC2_CheckBox_Page@5a8e6209]" name="opening_CheckBox_Page" is-config="true" duration-ms="608" started-at="2020-11-04T07:03:36Z" finished-at="2020-11-04T07:03:37Z">
          <reporter-output>
          </reporter-output>
        </test-method> <!-- opening_CheckBox_Page -->
        <test-method status="PASS" signature="testing_Unexpanded_Expansion()[pri:7, instance:testcases.TC2_CheckBox_Page@5a8e6209]" name="testing_Unexpanded_Expansion" duration-ms="31" started-at="2020-11-04T07:03:37Z" finished-at="2020-11-04T07:03:37Z">
          <reporter-output>
            <line>
              <![CDATA[Evidance of the Test]]>
            </line>
            <line>
              <![CDATA[<hr>]]>
            </line>
            <line>
              <![CDATA[<a href='G:\practiseSelenium\maven2\test-output\screenshots\Pass Evidance of the method - TESTING_UNEXPANDED_EXPANSION at Wed_Nov_04_12_33_01_IST_2020.jpeg'> <img src='G:\practiseSelenium\maven2\test-output\screenshots\Pass Evidance of the method - TESTING_UNEXPANDED_EXPANSION at Wed_Nov_04_12_33_01_IST_2020.jpeg' height='200' width='400'/> </a>]]>
            </line>
          </reporter-output>
        </test-method> <!-- testing_Unexpanded_Expansion -->
        <test-method status="PASS" signature="settingUp()[pri:0, instance:testcases.TC2_CheckBox_Page@5a8e6209]" name="settingUp" is-config="true" duration-ms="0" started-at="2020-11-04T07:03:37Z" finished-at="2020-11-04T07:03:37Z">
          <reporter-output>
          </reporter-output>
        </test-method> <!-- settingUp -->
        <test-method status="PASS" signature="testing_ExpandAll_Button()[pri:8, instance:testcases.TC2_CheckBox_Page@5a8e6209]" name="testing_ExpandAll_Button" duration-ms="133" started-at="2020-11-04T07:03:37Z" finished-at="2020-11-04T07:03:37Z">
          <reporter-output>
            <line>
              <![CDATA[Evidance of the Test]]>
            </line>
            <line>
              <![CDATA[<hr>]]>
            </line>
            <line>
              <![CDATA[<a href='G:\practiseSelenium\maven2\test-output\screenshots\Pass Evidance of the method - TESTING_EXPANDALL_BUTTON at Wed_Nov_04_12_33_01_IST_2020.jpeg'> <img src='G:\practiseSelenium\maven2\test-output\screenshots\Pass Evidance of the method - TESTING_EXPANDALL_BUTTON at Wed_Nov_04_12_33_01_IST_2020.jpeg' height='200' width='400'/> </a>]]>
            </line>
          </reporter-output>
        </test-method> <!-- testing_ExpandAll_Button -->
        <test-method status="PASS" signature="settingUp()[pri:0, instance:testcases.TC2_CheckBox_Page@5a8e6209]" name="settingUp" is-config="true" duration-ms="0" started-at="2020-11-04T07:03:37Z" finished-at="2020-11-04T07:03:37Z">
          <reporter-output>
          </reporter-output>
        </test-method> <!-- settingUp -->
        <test-method status="PASS" signature="testing_CollapseAll_Button()[pri:9, instance:testcases.TC2_CheckBox_Page@5a8e6209]" name="testing_CollapseAll_Button" duration-ms="95" started-at="2020-11-04T07:03:38Z" finished-at="2020-11-04T07:03:38Z">
          <reporter-output>
            <line>
              <![CDATA[Evidance of the Test]]>
            </line>
            <line>
              <![CDATA[<hr>]]>
            </line>
            <line>
              <![CDATA[<a href='G:\practiseSelenium\maven2\test-output\screenshots\Pass Evidance of the method - TESTING_COLLAPSEALL_BUTTON at Wed_Nov_04_12_33_01_IST_2020.jpeg'> <img src='G:\practiseSelenium\maven2\test-output\screenshots\Pass Evidance of the method - TESTING_COLLAPSEALL_BUTTON at Wed_Nov_04_12_33_01_IST_2020.jpeg' height='200' width='400'/> </a>]]>
            </line>
          </reporter-output>
        </test-method> <!-- testing_CollapseAll_Button -->
        <test-method status="PASS" signature="settingUp()[pri:0, instance:testcases.TC2_CheckBox_Page@5a8e6209]" name="settingUp" is-config="true" duration-ms="0" started-at="2020-11-04T07:03:38Z" finished-at="2020-11-04T07:03:38Z">
          <reporter-output>
          </reporter-output>
        </test-method> <!-- settingUp -->
        <test-method status="PASS" signature="testing_desktop_checkBox_text_by_Checking()[pri:10, instance:testcases.TC2_CheckBox_Page@5a8e6209]" name="testing_desktop_checkBox_text_by_Checking" duration-ms="202" started-at="2020-11-04T07:03:38Z" finished-at="2020-11-04T07:03:38Z">
          <reporter-output>
            <line>
              <![CDATA[Evidance of the Test]]>
            </line>
            <line>
              <![CDATA[<hr>]]>
            </line>
            <line>
              <![CDATA[<a href='G:\practiseSelenium\maven2\test-output\screenshots\Pass Evidance of the method - TESTING_DESKTOP_CHECKBOX_TEXT_BY_CHECKING at Wed_Nov_04_12_33_01_IST_2020.jpeg'> <img src='G:\practiseSelenium\maven2\test-output\screenshots\Pass Evidance of the method - TESTING_DESKTOP_CHECKBOX_TEXT_BY_CHECKING at Wed_Nov_04_12_33_01_IST_2020.jpeg' height='200' width='400'/> </a>]]>
            </line>
          </reporter-output>
        </test-method> <!-- testing_desktop_checkBox_text_by_Checking -->
        <test-method status="PASS" signature="settingUp()[pri:0, instance:testcases.TC2_CheckBox_Page@5a8e6209]" name="settingUp" is-config="true" duration-ms="0" started-at="2020-11-04T07:03:38Z" finished-at="2020-11-04T07:03:38Z">
          <reporter-output>
          </reporter-output>
        </test-method> <!-- settingUp -->
        <test-method status="PASS" signature="testing_desktop_checkBox_text_by_UnChecking()[pri:11, instance:testcases.TC2_CheckBox_Page@5a8e6209]" name="testing_desktop_checkBox_text_by_UnChecking" duration-ms="91" started-at="2020-11-04T07:03:39Z" finished-at="2020-11-04T07:03:39Z">
          <reporter-output>
            <line>
              <![CDATA[Evidance of the Test]]>
            </line>
            <line>
              <![CDATA[<hr>]]>
            </line>
            <line>
              <![CDATA[<a href='G:\practiseSelenium\maven2\test-output\screenshots\Pass Evidance of the method - TESTING_DESKTOP_CHECKBOX_TEXT_BY_UNCHECKING at Wed_Nov_04_12_33_01_IST_2020.jpeg'> <img src='G:\practiseSelenium\maven2\test-output\screenshots\Pass Evidance of the method - TESTING_DESKTOP_CHECKBOX_TEXT_BY_UNCHECKING at Wed_Nov_04_12_33_01_IST_2020.jpeg' height='200' width='400'/> </a>]]>
            </line>
          </reporter-output>
        </test-method> <!-- testing_desktop_checkBox_text_by_UnChecking -->
        <test-method status="PASS" signature="settingUp()[pri:0, instance:testcases.TC2_CheckBox_Page@5a8e6209]" name="settingUp" is-config="true" duration-ms="0" started-at="2020-11-04T07:03:39Z" finished-at="2020-11-04T07:03:39Z">
          <reporter-output>
          </reporter-output>
        </test-method> <!-- settingUp -->
        <test-method status="PASS" signature="testing_documents_checkBox_text_by_Checking()[pri:12, instance:testcases.TC2_CheckBox_Page@5a8e6209]" name="testing_documents_checkBox_text_by_Checking" duration-ms="298" started-at="2020-11-04T07:03:39Z" finished-at="2020-11-04T07:03:39Z">
          <reporter-output>
            <line>
              <![CDATA[Evidance of the Test]]>
            </line>
            <line>
              <![CDATA[<hr>]]>
            </line>
            <line>
              <![CDATA[<a href='G:\practiseSelenium\maven2\test-output\screenshots\Pass Evidance of the method - TESTING_DOCUMENTS_CHECKBOX_TEXT_BY_CHECKING at Wed_Nov_04_12_33_01_IST_2020.jpeg'> <img src='G:\practiseSelenium\maven2\test-output\screenshots\Pass Evidance of the method - TESTING_DOCUMENTS_CHECKBOX_TEXT_BY_CHECKING at Wed_Nov_04_12_33_01_IST_2020.jpeg' height='200' width='400'/> </a>]]>
            </line>
          </reporter-output>
        </test-method> <!-- testing_documents_checkBox_text_by_Checking -->
        <test-method status="PASS" signature="settingUp()[pri:0, instance:testcases.TC2_CheckBox_Page@5a8e6209]" name="settingUp" is-config="true" duration-ms="0" started-at="2020-11-04T07:03:39Z" finished-at="2020-11-04T07:03:39Z">
          <reporter-output>
          </reporter-output>
        </test-method> <!-- settingUp -->
        <test-method status="PASS" signature="settingUp()[pri:0, instance:testcases.TC2_CheckBox_Page@5a8e6209]" name="settingUp" is-config="true" duration-ms="0" started-at="2020-11-04T07:03:40Z" finished-at="2020-11-04T07:03:40Z">
          <reporter-output>
          </reporter-output>
        </test-method> <!-- settingUp -->
        <test-method status="PASS" signature="testing_documents_checkBox_text_by_UnChecking()[pri:13, instance:testcases.TC2_CheckBox_Page@5a8e6209]" name="testing_documents_checkBox_text_by_UnChecking" duration-ms="57" started-at="2020-11-04T07:03:40Z" finished-at="2020-11-04T07:03:40Z">
          <reporter-output>
            <line>
              <![CDATA[Evidance of the Test]]>
            </line>
            <line>
              <![CDATA[<hr>]]>
            </line>
            <line>
              <![CDATA[<a href='G:\practiseSelenium\maven2\test-output\screenshots\Pass Evidance of the method - TESTING_DOCUMENTS_CHECKBOX_TEXT_BY_UNCHECKING at Wed_Nov_04_12_33_01_IST_2020.jpeg'> <img src='G:\practiseSelenium\maven2\test-output\screenshots\Pass Evidance of the method - TESTING_DOCUMENTS_CHECKBOX_TEXT_BY_UNCHECKING at Wed_Nov_04_12_33_01_IST_2020.jpeg' height='200' width='400'/> </a>]]>
            </line>
          </reporter-output>
        </test-method> <!-- testing_documents_checkBox_text_by_UnChecking -->
        <test-method status="PASS" signature="testing_downloads_checkBox_text_by_Checking()[pri:14, instance:testcases.TC2_CheckBox_Page@5a8e6209]" name="testing_downloads_checkBox_text_by_Checking" duration-ms="183" started-at="2020-11-04T07:03:40Z" finished-at="2020-11-04T07:03:40Z">
          <reporter-output>
            <line>
              <![CDATA[Evidance of the Test]]>
            </line>
            <line>
              <![CDATA[<hr>]]>
            </line>
            <line>
              <![CDATA[<a href='G:\practiseSelenium\maven2\test-output\screenshots\Pass Evidance of the method - TESTING_DOWNLOADS_CHECKBOX_TEXT_BY_CHECKING at Wed_Nov_04_12_33_01_IST_2020.jpeg'> <img src='G:\practiseSelenium\maven2\test-output\screenshots\Pass Evidance of the method - TESTING_DOWNLOADS_CHECKBOX_TEXT_BY_CHECKING at Wed_Nov_04_12_33_01_IST_2020.jpeg' height='200' width='400'/> </a>]]>
            </line>
          </reporter-output>
        </test-method> <!-- testing_downloads_checkBox_text_by_Checking -->
        <test-method status="PASS" signature="settingUp()[pri:0, instance:testcases.TC2_CheckBox_Page@5a8e6209]" name="settingUp" is-config="true" duration-ms="0" started-at="2020-11-04T07:03:40Z" finished-at="2020-11-04T07:03:40Z">
          <reporter-output>
          </reporter-output>
        </test-method> <!-- settingUp -->
        <test-method status="PASS" signature="settingUp()[pri:0, instance:testcases.TC2_CheckBox_Page@5a8e6209]" name="settingUp" is-config="true" duration-ms="0" started-at="2020-11-04T07:03:41Z" finished-at="2020-11-04T07:03:41Z">
          <reporter-output>
          </reporter-output>
        </test-method> <!-- settingUp -->
        <test-method status="PASS" signature="testing_downloads_checkBox_text_by_UnChecking()[pri:15, instance:testcases.TC2_CheckBox_Page@5a8e6209]" name="testing_downloads_checkBox_text_by_UnChecking" duration-ms="80" started-at="2020-11-04T07:03:41Z" finished-at="2020-11-04T07:03:41Z">
          <reporter-output>
            <line>
              <![CDATA[Evidance of the Test]]>
            </line>
            <line>
              <![CDATA[<hr>]]>
            </line>
            <line>
              <![CDATA[<a href='G:\practiseSelenium\maven2\test-output\screenshots\Pass Evidance of the method - TESTING_DOWNLOADS_CHECKBOX_TEXT_BY_UNCHECKING at Wed_Nov_04_12_33_01_IST_2020.jpeg'> <img src='G:\practiseSelenium\maven2\test-output\screenshots\Pass Evidance of the method - TESTING_DOWNLOADS_CHECKBOX_TEXT_BY_UNCHECKING at Wed_Nov_04_12_33_01_IST_2020.jpeg' height='200' width='400'/> </a>]]>
            </line>
          </reporter-output>
        </test-method> <!-- testing_downloads_checkBox_text_by_UnChecking -->
      </class> <!-- testcases.TC2_CheckBox_Page -->
    </test> <!-- Check Box Test -->
    <test name="Radio Button Test" duration-ms="4907" started-at="2020-11-04T07:03:41Z" finished-at="2020-11-04T07:03:46Z">
      <class name="testcases.TC3_RadioButton_Page">
        <test-method status="PASS" signature="opening_RadioButton_page()[pri:0, instance:testcases.TC3_RadioButton_Page@1d16f93d]" name="opening_RadioButton_page" is-config="true" duration-ms="632" started-at="2020-11-04T07:03:41Z" finished-at="2020-11-04T07:03:42Z">
          <reporter-output>
          </reporter-output>
        </test-method> <!-- opening_RadioButton_page -->
        <test-method status="PASS" signature="testing_status_of_radiobuttons()[pri:16, instance:testcases.TC3_RadioButton_Page@1d16f93d]" name="testing_status_of_radiobuttons" duration-ms="149" started-at="2020-11-04T07:03:42Z" finished-at="2020-11-04T07:03:42Z">
          <reporter-output>
            <line>
              <![CDATA[Evidance of the Test]]>
            </line>
            <line>
              <![CDATA[<hr>]]>
            </line>
            <line>
              <![CDATA[<a href='G:\practiseSelenium\maven2\test-output\screenshots\Pass Evidance of the method - TESTING_STATUS_OF_RADIOBUTTONS at Wed_Nov_04_12_33_01_IST_2020.jpeg'> <img src='G:\practiseSelenium\maven2\test-output\screenshots\Pass Evidance of the method - TESTING_STATUS_OF_RADIOBUTTONS at Wed_Nov_04_12_33_01_IST_2020.jpeg' height='200' width='400'/> </a>]]>
            </line>
          </reporter-output>
        </test-method> <!-- testing_status_of_radiobuttons -->
        <test-method status="PASS" signature="refresh_page()[pri:0, instance:testcases.TC3_RadioButton_Page@1d16f93d]" name="refresh_page" is-config="true" duration-ms="554" started-at="2020-11-04T07:03:42Z" finished-at="2020-11-04T07:03:43Z">
          <reporter-output>
          </reporter-output>
        </test-method> <!-- refresh_page -->
        <test-method status="PASS" signature="testing_Yes_radio_button()[pri:17, instance:testcases.TC3_RadioButton_Page@1d16f93d]" name="testing_Yes_radio_button" duration-ms="114" started-at="2020-11-04T07:03:43Z" finished-at="2020-11-04T07:03:43Z">
          <reporter-output>
            <line>
              <![CDATA[Evidance of the Test]]>
            </line>
            <line>
              <![CDATA[<hr>]]>
            </line>
            <line>
              <![CDATA[<a href='G:\practiseSelenium\maven2\test-output\screenshots\Pass Evidance of the method - TESTING_YES_RADIO_BUTTON at Wed_Nov_04_12_33_01_IST_2020.jpeg'> <img src='G:\practiseSelenium\maven2\test-output\screenshots\Pass Evidance of the method - TESTING_YES_RADIO_BUTTON at Wed_Nov_04_12_33_01_IST_2020.jpeg' height='200' width='400'/> </a>]]>
            </line>
          </reporter-output>
        </test-method> <!-- testing_Yes_radio_button -->
        <test-method status="PASS" signature="refresh_page()[pri:0, instance:testcases.TC3_RadioButton_Page@1d16f93d]" name="refresh_page" is-config="true" duration-ms="557" started-at="2020-11-04T07:03:43Z" finished-at="2020-11-04T07:03:44Z">
          <reporter-output>
          </reporter-output>
        </test-method> <!-- refresh_page -->
        <test-method status="PASS" signature="testing_Impressive_radio_button()[pri:18, instance:testcases.TC3_RadioButton_Page@1d16f93d]" name="testing_Impressive_radio_button" duration-ms="104" started-at="2020-11-04T07:03:44Z" finished-at="2020-11-04T07:03:44Z">
          <reporter-output>
            <line>
              <![CDATA[Evidance of the Test]]>
            </line>
            <line>
              <![CDATA[<hr>]]>
            </line>
            <line>
              <![CDATA[<a href='G:\practiseSelenium\maven2\test-output\screenshots\Pass Evidance of the method - TESTING_IMPRESSIVE_RADIO_BUTTON at Wed_Nov_04_12_33_01_IST_2020.jpeg'> <img src='G:\practiseSelenium\maven2\test-output\screenshots\Pass Evidance of the method - TESTING_IMPRESSIVE_RADIO_BUTTON at Wed_Nov_04_12_33_01_IST_2020.jpeg' height='200' width='400'/> </a>]]>
            </line>
          </reporter-output>
        </test-method> <!-- testing_Impressive_radio_button -->
        <test-method status="PASS" signature="refresh_page()[pri:0, instance:testcases.TC3_RadioButton_Page@1d16f93d]" name="refresh_page" is-config="true" duration-ms="554" started-at="2020-11-04T07:03:44Z" finished-at="2020-11-04T07:03:45Z">
          <reporter-output>
          </reporter-output>
        </test-method> <!-- refresh_page -->
        <test-method status="PASS" signature="testing_No_radio_button()[pri:19, instance:testcases.TC3_RadioButton_Page@1d16f93d]" name="testing_No_radio_button" duration-ms="157" started-at="2020-11-04T07:03:45Z" finished-at="2020-11-04T07:03:45Z">
          <reporter-output>
            <line>
              <![CDATA[Evidance of the Test]]>
            </line>
            <line>
              <![CDATA[<hr>]]>
            </line>
            <line>
              <![CDATA[<a href='G:\practiseSelenium\maven2\test-output\screenshots\Pass Evidance of the method - TESTING_NO_RADIO_BUTTON at Wed_Nov_04_12_33_01_IST_2020.jpeg'> <img src='G:\practiseSelenium\maven2\test-output\screenshots\Pass Evidance of the method - TESTING_NO_RADIO_BUTTON at Wed_Nov_04_12_33_01_IST_2020.jpeg' height='200' width='400'/> </a>]]>
            </line>
          </reporter-output>
        </test-method> <!-- testing_No_radio_button -->
        <test-method status="PASS" signature="refresh_page()[pri:0, instance:testcases.TC3_RadioButton_Page@1d16f93d]" name="refresh_page" is-config="true" duration-ms="581" started-at="2020-11-04T07:03:46Z" finished-at="2020-11-04T07:03:46Z">
          <reporter-output>
          </reporter-output>
        </test-method> <!-- refresh_page -->
      </class> <!-- testcases.TC3_RadioButton_Page -->
    </test> <!-- Radio Button Test -->
    <test name="Buttons Page Test" duration-ms="4492" started-at="2020-11-04T07:03:46Z" finished-at="2020-11-04T07:03:51Z">
      <class name="testcases.TC5_Buttons_Page">
        <test-method status="PASS" signature="opening_RadioButton_page()[pri:0, instance:testcases.TC5_Buttons_Page@7fac631b]" name="opening_RadioButton_page" is-config="true" duration-ms="661" started-at="2020-11-04T07:03:46Z" finished-at="2020-11-04T07:03:47Z">
          <reporter-output>
          </reporter-output>
        </test-method> <!-- opening_RadioButton_page -->
        <test-method status="PASS" signature="testing_left_click_button()[pri:20, instance:testcases.TC5_Buttons_Page@7fac631b]" name="testing_left_click_button" duration-ms="172" started-at="2020-11-04T07:03:47Z" finished-at="2020-11-04T07:03:47Z">
          <reporter-output>
            <line>
              <![CDATA[Evidance of the Test]]>
            </line>
            <line>
              <![CDATA[<hr>]]>
            </line>
            <line>
              <![CDATA[<a href='G:\practiseSelenium\maven2\test-output\screenshots\Pass Evidance of the method - TESTING_LEFT_CLICK_BUTTON at Wed_Nov_04_12_33_01_IST_2020.jpeg'> <img src='G:\practiseSelenium\maven2\test-output\screenshots\Pass Evidance of the method - TESTING_LEFT_CLICK_BUTTON at Wed_Nov_04_12_33_01_IST_2020.jpeg' height='200' width='400'/> </a>]]>
            </line>
          </reporter-output>
        </test-method> <!-- testing_left_click_button -->
        <test-method status="PASS" signature="refresh_page()[pri:0, instance:testcases.TC5_Buttons_Page@7fac631b]" name="refresh_page" is-config="true" duration-ms="552" started-at="2020-11-04T07:03:47Z" finished-at="2020-11-04T07:03:48Z">
          <reporter-output>
          </reporter-output>
        </test-method> <!-- refresh_page -->
        <test-method status="PASS" signature="testing_right_click_button()[pri:21, instance:testcases.TC5_Buttons_Page@7fac631b]" name="testing_right_click_button" duration-ms="317" started-at="2020-11-04T07:03:48Z" finished-at="2020-11-04T07:03:48Z">
          <reporter-output>
            <line>
              <![CDATA[Evidance of the Test]]>
            </line>
            <line>
              <![CDATA[<hr>]]>
            </line>
            <line>
              <![CDATA[<a href='G:\practiseSelenium\maven2\test-output\screenshots\Pass Evidance of the method - TESTING_RIGHT_CLICK_BUTTON at Wed_Nov_04_12_33_01_IST_2020.jpeg'> <img src='G:\practiseSelenium\maven2\test-output\screenshots\Pass Evidance of the method - TESTING_RIGHT_CLICK_BUTTON at Wed_Nov_04_12_33_01_IST_2020.jpeg' height='200' width='400'/> </a>]]>
            </line>
          </reporter-output>
        </test-method> <!-- testing_right_click_button -->
        <test-method status="PASS" signature="refresh_page()[pri:0, instance:testcases.TC5_Buttons_Page@7fac631b]" name="refresh_page" is-config="true" duration-ms="556" started-at="2020-11-04T07:03:49Z" finished-at="2020-11-04T07:03:49Z">
          <reporter-output>
          </reporter-output>
        </test-method> <!-- refresh_page -->
        <test-method status="PASS" signature="testing_double_click_button()[pri:22, instance:testcases.TC5_Buttons_Page@7fac631b]" name="testing_double_click_button" duration-ms="480" started-at="2020-11-04T07:03:49Z" finished-at="2020-11-04T07:03:50Z">
          <reporter-output>
            <line>
              <![CDATA[Evidance of the Test]]>
            </line>
            <line>
              <![CDATA[<hr>]]>
            </line>
            <line>
              <![CDATA[<a href='G:\practiseSelenium\maven2\test-output\screenshots\Pass Evidance of the method - TESTING_DOUBLE_CLICK_BUTTON at Wed_Nov_04_12_33_01_IST_2020.jpeg'> <img src='G:\practiseSelenium\maven2\test-output\screenshots\Pass Evidance of the method - TESTING_DOUBLE_CLICK_BUTTON at Wed_Nov_04_12_33_01_IST_2020.jpeg' height='200' width='400'/> </a>]]>
            </line>
          </reporter-output>
        </test-method> <!-- testing_double_click_button -->
        <test-method status="PASS" signature="refresh_page()[pri:0, instance:testcases.TC5_Buttons_Page@7fac631b]" name="refresh_page" is-config="true" duration-ms="562" started-at="2020-11-04T07:03:50Z" finished-at="2020-11-04T07:03:51Z">
          <reporter-output>
          </reporter-output>
        </test-method> <!-- refresh_page -->
      </class> <!-- testcases.TC5_Buttons_Page -->
    </test> <!-- Buttons Page Test -->
    <test name="Browser Windows Page Test" duration-ms="4464" started-at="2020-11-04T07:03:51Z" finished-at="2020-11-04T07:03:55Z">
      <class name="testcases.TC21_BrowserWindows_Page">
        <test-method status="PASS" signature="opening_BrowserWindows_Page()[pri:0, instance:testcases.TC21_BrowserWindows_Page@610694f1]" name="opening_BrowserWindows_Page" is-config="true" duration-ms="566" started-at="2020-11-04T07:03:51Z" finished-at="2020-11-04T07:03:51Z">
          <reporter-output>
          </reporter-output>
        </test-method> <!-- opening_BrowserWindows_Page -->
        <test-method status="PASS" signature="testing_New_Tab_Button()[pri:32, instance:testcases.TC21_BrowserWindows_Page@610694f1]" name="testing_New_Tab_Button" duration-ms="2247" started-at="2020-11-04T07:03:51Z" finished-at="2020-11-04T07:03:53Z">
          <reporter-output>
            <line>
              <![CDATA[Evidance of the Test]]>
            </line>
            <line>
              <![CDATA[<hr>]]>
            </line>
            <line>
              <![CDATA[<a href='G:\practiseSelenium\maven2\test-output\screenshots\Pass Evidance of the method - TESTING_NEW_TAB_BUTTON at Wed_Nov_04_12_33_01_IST_2020.jpeg'> <img src='G:\practiseSelenium\maven2\test-output\screenshots\Pass Evidance of the method - TESTING_NEW_TAB_BUTTON at Wed_Nov_04_12_33_01_IST_2020.jpeg' height='200' width='400'/> </a>]]>
            </line>
          </reporter-output>
        </test-method> <!-- testing_New_Tab_Button -->
        <test-method status="PASS" signature="setting_Handles_set()[pri:0, instance:testcases.TC21_BrowserWindows_Page@610694f1]" name="setting_Handles_set" is-config="true" duration-ms="0" started-at="2020-11-04T07:03:51Z" finished-at="2020-11-04T07:03:51Z">
          <reporter-output>
          </reporter-output>
        </test-method> <!-- setting_Handles_set -->
        <test-method status="PASS" signature="setting_Handles_set()[pri:0, instance:testcases.TC21_BrowserWindows_Page@610694f1]" name="setting_Handles_set" is-config="true" duration-ms="0" started-at="2020-11-04T07:03:54Z" finished-at="2020-11-04T07:03:54Z">
          <reporter-output>
          </reporter-output>
        </test-method> <!-- setting_Handles_set -->
        <test-method status="PASS" signature="testing_New_Window_Button()[pri:33, instance:testcases.TC21_BrowserWindows_Page@610694f1]" name="testing_New_Window_Button" duration-ms="221" started-at="2020-11-04T07:03:54Z" finished-at="2020-11-04T07:03:54Z">
          <reporter-output>
            <line>
              <![CDATA[Evidance of the Test]]>
            </line>
            <line>
              <![CDATA[<hr>]]>
            </line>
            <line>
              <![CDATA[<a href='G:\practiseSelenium\maven2\test-output\screenshots\Pass Evidance of the method - TESTING_NEW_WINDOW_BUTTON at Wed_Nov_04_12_33_01_IST_2020.jpeg'> <img src='G:\practiseSelenium\maven2\test-output\screenshots\Pass Evidance of the method - TESTING_NEW_WINDOW_BUTTON at Wed_Nov_04_12_33_01_IST_2020.jpeg' height='200' width='400'/> </a>]]>
            </line>
          </reporter-output>
        </test-method> <!-- testing_New_Window_Button -->
        <test-method status="PASS" signature="setting_Handles_set()[pri:0, instance:testcases.TC21_BrowserWindows_Page@610694f1]" name="setting_Handles_set" is-config="true" duration-ms="0" started-at="2020-11-04T07:03:55Z" finished-at="2020-11-04T07:03:55Z">
          <reporter-output>
          </reporter-output>
        </test-method> <!-- setting_Handles_set -->
        <test-method status="FAIL" signature="testing_New_Window_with_Message_Button()[pri:34, instance:testcases.TC21_BrowserWindows_Page@610694f1]" name="testing_New_Window_with_Message_Button" duration-ms="224" started-at="2020-11-04T07:03:55Z" finished-at="2020-11-04T07:03:55Z">
          <exception class="org.openqa.selenium.NoSuchElementException">
            <message>
              <![CDATA[no such element: Unable to locate element: {"method":"xpath","selector":"/html/body/text()"}
  (Session info: chrome=86.0.4240.111)
For documentation on this error, please visit: https://www.seleniumhq.org/exceptions/no_such_element.html
Build info: version: '3.141.59', revision: 'e82be7d358', time: '2018-11-14T08:17:03'
System info: host: 'SURYA', ip: '192.168.0.7', os.name: 'Windows 10', os.arch: 'amd64', os.version: '10.0', java.version: '1.8.0_161'
Driver info: org.openqa.selenium.chrome.ChromeDriver
Capabilities {acceptInsecureCerts: false, browserName: chrome, browserVersion: 86.0.4240.111, chrome: {chromedriverVersion: 86.0.4240.22 (398b0743353ff..., userDataDir: C:\Users\Surya\AppData\Loca...}, goog:chromeOptions: {debuggerAddress: localhost:55858}, javascriptEnabled: true, networkConnectionEnabled: false, pageLoadStrategy: normal, platform: WINDOWS, platformName: WINDOWS, proxy: Proxy(), setWindowRect: true, strictFileInteractability: false, timeouts: {implicit: 0, pageLoad: 300000, script: 30000}, unhandledPromptBehavior: dismiss and notify, webauthn:virtualAuthenticators: true}
Session ID: a3c921351bf9fd4147ef409df5842859
*** Element info: {Using=xpath, value=/html/body/text()}]]>
            </message>
            <full-stacktrace>
              <![CDATA[org.openqa.selenium.NoSuchElementException: no such element: Unable to locate element: {"method":"xpath","selector":"/html/body/text()"}
  (Session info: chrome=86.0.4240.111)
For documentation on this error, please visit: https://www.seleniumhq.org/exceptions/no_such_element.html
Build info: version: '3.141.59', revision: 'e82be7d358', time: '2018-11-14T08:17:03'
System info: host: 'SURYA', ip: '192.168.0.7', os.name: 'Windows 10', os.arch: 'amd64', os.version: '10.0', java.version: '1.8.0_161'
Driver info: org.openqa.selenium.chrome.ChromeDriver
Capabilities {acceptInsecureCerts: false, browserName: chrome, browserVersion: 86.0.4240.111, chrome: {chromedriverVersion: 86.0.4240.22 (398b0743353ff..., userDataDir: C:\Users\Surya\AppData\Loca...}, goog:chromeOptions: {debuggerAddress: localhost:55858}, javascriptEnabled: true, networkConnectionEnabled: false, pageLoadStrategy: normal, platform: WINDOWS, platformName: WINDOWS, proxy: Proxy(), setWindowRect: true, strictFileInteractability: false, timeouts: {implicit: 0, pageLoad: 300000, script: 30000}, unhandledPromptBehavior: dismiss and notify, webauthn:virtualAuthenticators: true}
Session ID: a3c921351bf9fd4147ef409df5842859
*** Element info: {Using=xpath, value=/html/body/text()}
at sun.reflect.NativeConstructorAccessorImpl.newInstance0(Native Method)
at sun.reflect.NativeConstructorAccessorImpl.newInstance(NativeConstructorAccessorImpl.java:62)
at sun.reflect.DelegatingConstructorAccessorImpl.newInstance(DelegatingConstructorAccessorImpl.java:45)
at java.lang.reflect.Constructor.newInstance(Constructor.java:423)
at org.openqa.selenium.remote.http.W3CHttpResponseCodec.createException(W3CHttpResponseCodec.java:187)
at org.openqa.selenium.remote.http.W3CHttpResponseCodec.decode(W3CHttpResponseCodec.java:122)
at org.openqa.selenium.remote.http.W3CHttpResponseCodec.decode(W3CHttpResponseCodec.java:49)
at org.openqa.selenium.remote.HttpCommandExecutor.execute(HttpCommandExecutor.java:158)
at org.openqa.selenium.remote.service.DriverCommandExecutor.execute(DriverCommandExecutor.java:83)
at org.openqa.selenium.remote.RemoteWebDriver.execute(RemoteWebDriver.java:552)
at org.openqa.selenium.remote.RemoteWebDriver.findElement(RemoteWebDriver.java:323)
at org.openqa.selenium.remote.RemoteWebDriver.findElementByXPath(RemoteWebDriver.java:428)
at org.openqa.selenium.By$ByXPath.findElement(By.java:353)
at org.openqa.selenium.remote.RemoteWebDriver.findElement(RemoteWebDriver.java:315)
at org.openqa.selenium.support.pagefactory.DefaultElementLocator.findElement(DefaultElementLocator.java:69)
at org.openqa.selenium.support.pagefactory.internal.LocatingElementHandler.invoke(LocatingElementHandler.java:38)
at com.sun.proxy.$Proxy12.getText(Unknown Source)
at testcases.TC21_BrowserWindows_Page.testing_New_Window_with_Message_Button(TC21_BrowserWindows_Page.java:70)
at sun.reflect.NativeMethodAccessorImpl.invoke0(Native Method)
at sun.reflect.NativeMethodAccessorImpl.invoke(NativeMethodAccessorImpl.java:62)
at sun.reflect.DelegatingMethodAccessorImpl.invoke(DelegatingMethodAccessorImpl.java:43)
at java.lang.reflect.Method.invoke(Method.java:498)
at org.testng.internal.MethodInvocationHelper.invokeMethod(MethodInvocationHelper.java:124)
at org.testng.internal.Invoker.invokeMethod(Invoker.java:580)
at org.testng.internal.Invoker.invokeTestMethod(Invoker.java:716)
at org.testng.internal.Invoker.invokeTestMethods(Invoker.java:988)
at org.testng.internal.TestMethodWorker.invokeTestMethods(TestMethodWorker.java:125)
at org.testng.internal.TestMethodWorker.run(TestMethodWorker.java:109)
at org.testng.TestRunner.privateRun(TestRunner.java:648)
at org.testng.TestRunner.run(TestRunner.java:505)
at org.testng.SuiteRunner.runTest(SuiteRunner.java:455)
at org.testng.SuiteRunner.runSequentially(SuiteRunner.java:450)
at org.testng.SuiteRunner.privateRun(SuiteRunner.java:415)
at org.testng.SuiteRunner.run(SuiteRunner.java:364)
at org.testng.SuiteRunnerWorker.runSuite(SuiteRunnerWorker.java:52)
at org.testng.SuiteRunnerWorker.run(SuiteRunnerWorker.java:84)
at org.testng.TestNG.runSuitesSequentially(TestNG.java:1208)
at org.testng.TestNG.runSuitesLocally(TestNG.java:1137)
at org.testng.TestNG.runSuites(TestNG.java:1049)
at org.testng.TestNG.run(TestNG.java:1017)
at org.testng.remote.AbstractRemoteTestNG.run(AbstractRemoteTestNG.java:114)
at org.testng.remote.RemoteTestNG.initAndRun(RemoteTestNG.java:251)
at org.testng.remote.RemoteTestNG.main(RemoteTestNG.java:77)
]]>
            </full-stacktrace>
          </exception> <!-- org.openqa.selenium.NoSuchElementException -->
          <reporter-output>
            <line>
              <![CDATA[Evidance of the Test]]>
            </line>
            <line>
              <![CDATA[<hr>]]>
            </line>
            <line>
              <![CDATA[<a href='G:\practiseSelenium\maven2\test-output\screenshots\Fail Evidance of the method - TESTING_NEW_WINDOW_WITH_MESSAGE_BUTTON at Wed_Nov_04_12_33_01_IST_2020.jpeg'> <img src='G:\practiseSelenium\maven2\test-output\screenshots\Fail Evidance of the method - TESTING_NEW_WINDOW_WITH_MESSAGE_BUTTON at Wed_Nov_04_12_33_01_IST_2020.jpeg' height='200' width='400'/> </a>]]>
            </line>
          </reporter-output>
        </test-method> <!-- testing_New_Window_with_Message_Button -->
      </class> <!-- testcases.TC21_BrowserWindows_Page -->
    </test> <!-- Browser Windows Page Test -->
    <test name="Alerts Page Test" duration-ms="7757" started-at="2020-11-04T07:03:55Z" finished-at="2020-11-04T07:04:03Z">
      <class name="testcases.TC22_Alerts_Page">
        <test-method status="PASS" signature="setUp()[pri:0, instance:testcases.TC22_Alerts_Page@35d176f7]" name="setUp" is-config="true" duration-ms="6318" started-at="2020-11-04T07:03:01Z" finished-at="2020-11-04T07:03:07Z">
          <reporter-output>
          </reporter-output>
        </test-method> <!-- setUp -->
        <test-method status="PASS" signature="opening_BrowserWindows_Page()[pri:0, instance:testcases.TC22_Alerts_Page@35d176f7]" name="opening_BrowserWindows_Page" is-config="true" duration-ms="570" started-at="2020-11-04T07:03:55Z" finished-at="2020-11-04T07:03:56Z">
          <reporter-output>
          </reporter-output>
        </test-method> <!-- opening_BrowserWindows_Page -->
        <test-method status="PASS" signature="testing_alert_button()[pri:35, instance:testcases.TC22_Alerts_Page@35d176f7]" name="testing_alert_button" duration-ms="112" started-at="2020-11-04T07:03:56Z" finished-at="2020-11-04T07:03:56Z">
          <reporter-output>
            <line>
              <![CDATA[Evidance of the Test]]>
            </line>
            <line>
              <![CDATA[<hr>]]>
            </line>
            <line>
              <![CDATA[<a href='G:\practiseSelenium\maven2\test-output\screenshots\Pass Evidance of the method - TESTING_ALERT_BUTTON at Wed_Nov_04_12_33_01_IST_2020.jpeg'> <img src='G:\practiseSelenium\maven2\test-output\screenshots\Pass Evidance of the method - TESTING_ALERT_BUTTON at Wed_Nov_04_12_33_01_IST_2020.jpeg' height='200' width='400'/> </a>]]>
            </line>
          </reporter-output>
        </test-method> <!-- testing_alert_button -->
        <test-method status="PASS" signature="testing_timed_alert_button()[pri:36, instance:testcases.TC22_Alerts_Page@35d176f7]" name="testing_timed_alert_button" duration-ms="5163" started-at="2020-11-04T07:03:56Z" finished-at="2020-11-04T07:04:01Z">
          <reporter-output>
            <line>
              <![CDATA[Evidance of the Test]]>
            </line>
            <line>
              <![CDATA[<hr>]]>
            </line>
            <line>
              <![CDATA[<a href='G:\practiseSelenium\maven2\test-output\screenshots\Pass Evidance of the method - TESTING_TIMED_ALERT_BUTTON at Wed_Nov_04_12_33_01_IST_2020.jpeg'> <img src='G:\practiseSelenium\maven2\test-output\screenshots\Pass Evidance of the method - TESTING_TIMED_ALERT_BUTTON at Wed_Nov_04_12_33_01_IST_2020.jpeg' height='200' width='400'/> </a>]]>
            </line>
          </reporter-output>
        </test-method> <!-- testing_timed_alert_button -->
        <test-method status="PASS" signature="testing_confirm_button()[pri:37, instance:testcases.TC22_Alerts_Page@35d176f7]" name="testing_confirm_button" duration-ms="205" started-at="2020-11-04T07:04:02Z" finished-at="2020-11-04T07:04:02Z">
          <reporter-output>
            <line>
              <![CDATA[Evidance of the Test]]>
            </line>
            <line>
              <![CDATA[<hr>]]>
            </line>
            <line>
              <![CDATA[<a href='G:\practiseSelenium\maven2\test-output\screenshots\Pass Evidance of the method - TESTING_CONFIRM_BUTTON at Wed_Nov_04_12_33_01_IST_2020.jpeg'> <img src='G:\practiseSelenium\maven2\test-output\screenshots\Pass Evidance of the method - TESTING_CONFIRM_BUTTON at Wed_Nov_04_12_33_01_IST_2020.jpeg' height='200' width='400'/> </a>]]>
            </line>
          </reporter-output>
        </test-method> <!-- testing_confirm_button -->
        <test-method status="PASS" signature="testing_prompt_button()[pri:38, instance:testcases.TC22_Alerts_Page@35d176f7]" name="testing_prompt_button" duration-ms="193" started-at="2020-11-04T07:04:02Z" finished-at="2020-11-04T07:04:02Z">
          <reporter-output>
            <line>
              <![CDATA[Evidance of the Test]]>
            </line>
            <line>
              <![CDATA[<hr>]]>
            </line>
            <line>
              <![CDATA[<a href='G:\practiseSelenium\maven2\test-output\screenshots\Pass Evidance of the method - TESTING_PROMPT_BUTTON at Wed_Nov_04_12_33_01_IST_2020.jpeg'> <img src='G:\practiseSelenium\maven2\test-output\screenshots\Pass Evidance of the method - TESTING_PROMPT_BUTTON at Wed_Nov_04_12_33_01_IST_2020.jpeg' height='200' width='400'/> </a>]]>
            </line>
          </reporter-output>
        </test-method> <!-- testing_prompt_button -->
        <test-method status="PASS" signature="tearDown()[pri:0, instance:testcases.TC22_Alerts_Page@35d176f7]" name="tearDown" is-config="true" duration-ms="1383" started-at="2020-11-04T07:04:03Z" finished-at="2020-11-04T07:04:04Z">
          <reporter-output>
          </reporter-output>
        </test-method> <!-- tearDown -->
      </class> <!-- testcases.TC22_Alerts_Page -->
    </test> <!-- Alerts Page Test -->
  </suite> <!-- Testing ToolsQA Suite -->
</testng-results>
