<?xml version="1.0" encoding="UTF-8"?>
<!-- Generated by org.testng.reporters.JUnitXMLReporter -->
<testsuite hostname="Surya" ignored="0" name="Buttons Page Test" tests="3" failures="0" timestamp="04 Nov 2020 07:03:51 GMT" time="4.492" errors="0">
  <testcase name="testing_left_click_button" time="0.172" classname="testcases.TC5_Buttons_Page"/>
  <testcase name="testing_right_click_button" time="0.317" classname="testcases.TC5_Buttons_Page"/>
  <testcase name="testing_double_click_button" time="0.48" classname="testcases.TC5_Buttons_Page"/>
</testsuite> <!-- Buttons Page Test -->
