<?xml version="1.0" encoding="UTF-8"?>
<!-- Generated by org.testng.reporters.JUnitXMLReporter -->
<testsuite hostname="Surya" ignored="0" name="Buttons Page Test" tests="3" failures="0" timestamp="02 Nov 2020 06:48:31 GMT" time="5.201" errors="0">
  <testcase name="testing_left_click_button" time="0.182" classname="testcases.TC5_Buttons_Page"/>
  <testcase name="testing_right_click_button" time="0.486" classname="testcases.TC5_Buttons_Page"/>
  <testcase name="testing_double_click_button" time="0.622" classname="testcases.TC5_Buttons_Page"/>
</testsuite> <!-- Buttons Page Test -->
