<?xml version="1.0" encoding="UTF-8"?>
<!-- Generated by org.testng.reporters.JUnitXMLReporter -->
<testsuite hostname="Surya" ignored="0" name="Check Box Test" tests="9" failures="0" timestamp="02 Nov 2020 06:48:20 GMT" time="5.589" errors="0">
  <testcase name="testing_Unexpanded_Expansion" time="0.051" classname="testcases.TC2_CheckBox_Page"/>
  <testcase name="testing_ExpandAll_Button" time="0.207" classname="testcases.TC2_CheckBox_Page"/>
  <testcase name="testing_CollapseAll_Button" time="0.133" classname="testcases.TC2_CheckBox_Page"/>
  <testcase name="testing_desktop_checkBox_text_by_Checking" time="0.245" classname="testcases.TC2_CheckBox_Page"/>
  <testcase name="testing_desktop_checkBox_text_by_UnChecking" time="0.061" classname="testcases.TC2_CheckBox_Page"/>
  <testcase name="testing_documents_checkBox_text_by_Checking" time="0.332" classname="testcases.TC2_CheckBox_Page"/>
  <testcase name="testing_documents_checkBox_text_by_UnChecking" time="0.058" classname="testcases.TC2_CheckBox_Page"/>
  <testcase name="testing_downloads_checkBox_text_by_Checking" time="0.246" classname="testcases.TC2_CheckBox_Page"/>
  <testcase name="testing_downloads_checkBox_text_by_UnChecking" time="0.062" classname="testcases.TC2_CheckBox_Page"/>
</testsuite> <!-- Check Box Test -->
