<?xml version="1.0" encoding="UTF-8"?>
<!-- Generated by org.testng.reporters.JUnitXMLReporter -->
<testsuite hostname="Surya" ignored="0" name="Check Box Test" tests="9" failures="0" timestamp="04 Nov 2020 07:03:41 GMT" time="5.213" errors="0">
  <testcase name="testing_Unexpanded_Expansion" time="0.031" classname="testcases.TC2_CheckBox_Page"/>
  <testcase name="testing_ExpandAll_Button" time="0.133" classname="testcases.TC2_CheckBox_Page"/>
  <testcase name="testing_CollapseAll_Button" time="0.095" classname="testcases.TC2_CheckBox_Page"/>
  <testcase name="testing_desktop_checkBox_text_by_Checking" time="0.202" classname="testcases.TC2_CheckBox_Page"/>
  <testcase name="testing_desktop_checkBox_text_by_UnChecking" time="0.091" classname="testcases.TC2_CheckBox_Page"/>
  <testcase name="testing_documents_checkBox_text_by_Checking" time="0.298" classname="testcases.TC2_CheckBox_Page"/>
  <testcase name="testing_documents_checkBox_text_by_UnChecking" time="0.057" classname="testcases.TC2_CheckBox_Page"/>
  <testcase name="testing_downloads_checkBox_text_by_Checking" time="0.183" classname="testcases.TC2_CheckBox_Page"/>
  <testcase name="testing_downloads_checkBox_text_by_UnChecking" time="0.08" classname="testcases.TC2_CheckBox_Page"/>
</testsuite> <!-- Check Box Test -->
