<?xml version="1.0" encoding="UTF-8"?>
<!-- Generated by org.testng.reporters.JUnitXMLReporter -->
<testsuite hostname="Surya" ignored="0" name="Radio Button Test" tests="4" failures="0" timestamp="02 Nov 2020 06:48:26 GMT" time="5.871" errors="0">
  <testcase name="testing_status_of_radiobuttons" time="0.168" classname="testcases.TC3_RadioButton_Page"/>
  <testcase name="testing_Yes_radio_button" time="0.215" classname="testcases.TC3_RadioButton_Page"/>
  <testcase name="testing_Impressive_radio_button" time="0.129" classname="testcases.TC3_RadioButton_Page"/>
  <testcase name="testing_No_radio_button" time="0.179" classname="testcases.TC3_RadioButton_Page"/>
</testsuite> <!-- Radio Button Test -->
