<?xml version="1.0" encoding="UTF-8"?>
<!-- Generated by org.testng.reporters.JUnitXMLReporter -->
<testsuite hostname="Surya" ignored="0" name="Radio Button Test" tests="4" failures="0" timestamp="04 Nov 2020 07:03:46 GMT" time="4.907" errors="0">
  <testcase name="testing_status_of_radiobuttons" time="0.149" classname="testcases.TC3_RadioButton_Page"/>
  <testcase name="testing_Yes_radio_button" time="0.114" classname="testcases.TC3_RadioButton_Page"/>
  <testcase name="testing_Impressive_radio_button" time="0.104" classname="testcases.TC3_RadioButton_Page"/>
  <testcase name="testing_No_radio_button" time="0.157" classname="testcases.TC3_RadioButton_Page"/>
</testsuite> <!-- Radio Button Test -->
